<?xml version="1.0" encoding="UTF-8"?>
<!-- Generated by org.testng.reporters.JUnitReportReporter -->
<testsuite skipped="0" hostname="stycz-SATELLITE-L850-11D" name="MachineGameTest" tests="4" failures="0" timestamp="17 Jan 2018 21:13:46 GMT" time="19.000" errors="0">
  <testcase name="testWhenBetValueIs1AfterSpinClickTotalSpinCounterWillBeChangedBy1" time="3.052" classname="MachineGameTest"/>
  <testcase name="testWhenBetValueIs4AfterSpinClickTotalSpinCounterWillNotBeChangedBy2" time="6.706" classname="MachineGameTest"/>
  <testcase name="testWhenGameIsInProgressSpinButtonCanNotBeClicked" time="1.664" classname="MachineGameTest"/>
  <testcase name="testIfWinLastWinFieldWillNotBeEmpty" time="7.578" classname="MachineGameTest"/>
</testsuite> <!-- MachineGameTest -->
