<?xml version="1.0" encoding="UTF-8"?>
<!-- Generated by org.testng.reporters.JUnitReportReporter -->
<testsuite skipped="0" hostname="stycz-SATELLITE-L850-11D" name="MachineCheckTest" tests="2" failures="0" timestamp="17 Jan 2018 21:13:46 GMT" time="0.084" errors="0">
  <testcase name="testIfMachine4IsNotSelectedAfterVisitingWebSite" time="0.044" classname="MachineCheckTest"/>
  <testcase name="testIfMachine1IsSelectedAfterVisitingWebsite" time="0.040" classname="MachineCheckTest"/>
</testsuite> <!-- MachineCheckTest -->
