<?xml version="1.0" encoding="UTF-8"?>
<!-- Generated by org.testng.reporters.JUnitReportReporter -->
<testsuite skipped="0" hostname="stycz-SATELLITE-L850-11D" name="MachineBetTest" tests="6" failures="0" timestamp="17 Jan 2018 21:13:46 GMT" time="63.583" errors="0">
  <testcase name="testIf1IsTheMinimumBetValue" time="5.791" classname="MachineBetTest"/>
  <testcase name="testIf10IsTheMaximumBetValue" time="15.337" classname="MachineBetTest"/>
  <testcase name="testIfAfter4ClicksBetSpinUpBetValueIsNot4" time="6.972" classname="MachineBetTest"/>
  <testcase name="testIfInitialBetValueIs1" time="2.330" classname="MachineBetTest"/>
  <testcase name="testIfAfterEachClickProperBetValueIsSet" time="13.099" classname="MachineBetTest"/>
  <testcase name="testIf8ClicksBetSpinUpAnd3BetSpinDownBetValueIs6" time="20.054" classname="MachineBetTest"/>
</testsuite> <!-- MachineBetTest -->
