<?xml version="1.0" encoding="UTF-8"?>
<!-- Generated by org.testng.reporters.JUnitReportReporter -->
<testsuite skipped="0" hostname="stycz-SATELLITE-L850-11D" name="MachineIconTest" tests="2" failures="0" timestamp="17 Jan 2018 21:13:46 GMT" time="6.056" errors="0">
  <testcase name="testIfAfterPageIsVisitedInitialMachineIconIsNotReelSet3" time="1.072" classname="MachineIconTest"/>
  <testcase name="testIfAfterPageIsVisitedInitialMachineIconIsReelSet1" time="4.984" classname="MachineIconTest"/>
</testsuite> <!-- MachineIconTest -->
