<?xml version="1.0" encoding="UTF-8"?>
<!-- Generated by org.testng.reporters.JUnitReportReporter -->
<testsuite skipped="0" hostname="stycz-SATELLITE-L850-11D" name="MachineWinChartTest" tests="4" failures="0" timestamp="17 Jan 2018 21:13:46 GMT" time="9.570" errors="0">
  <testcase name="testIfWhenBetIs3AllValuesFromWinChartAreTripled" time="2.129" classname="MachineWinChartTest"/>
  <testcase name="testIfInitialValueForTrPrize32Is200" time="5.248" classname="MachineWinChartTest"/>
  <testcase name="testIfInitialValueForTrPrize33IsNot100" time="1.042" classname="MachineWinChartTest"/>
  <testcase name="testIfInitialValuesInWinChartAreCorrect" time="1.151" classname="MachineWinChartTest"/>
</testsuite> <!-- MachineWinChartTest -->
